#
# A fatal error has been detected by the Java Runtime Environment:
#
#  SIGILL (0x4) at pc=0x00007fffb8f18d21, pid=4052, tid=515
#
# JRE version: Java(TM) SE Runtime Environment (8.0_25-b17) (build 1.8.0_25-b17)
# Java VM: Java HotSpot(TM) 64-Bit Server VM (25.25-b02 mixed mode bsd-amd64 compressed oops)
# Problematic frame:
# C  [libdispatch.dylib+0xfd21]  _dispatch_main_queue_callback_4CF+0x50b
#
# Failed to write core dump. Core dumps have been disabled. To enable core dumping, try "ulimit -c unlimited" before starting Java again
#
# If you would like to submit a bug report, please visit:
#   http://bugreport.sun.com/bugreport/crash.jsp
# The crash happened outside the Java Virtual Machine in native code.
# See problematic frame for where to report the bug.
#

---------------  T H R E A D  ---------------

Current thread (0x00007fa2998a1000):  JavaThread "AWT-AppKit" daemon [_thread_in_native, id=515, stack(0x00007fff5a35c000,0x00007fff5ab5c000)]

siginfo: si_signo: 4 (SIGILL), si_code: 1 (ILL_ILLOPC), si_addr: 0x00007fffb8f18d21

Registers:
RAX=0x000000000000060b, RBX=0x00007fa298600b40, RCX=0x00007fffb8f34530, RDX=0x000000000000060b
RSP=0x00007fff5ab591a0, RBP=0x00007fff5ab59210, RSI=0x0000000000000006, RDI=0x0000000000000001
R8 =0x0000000000000040, R9 =0x00007fa298600b58, R10=0xffffffffffffffff, R11=0x0000000000012068
R12=0x00007fa298600b30, R13=0x00007fa298600c80, R14=0x00007fffc1c13a80, R15=0x00007fa29989e068
RIP=0x00007fffb8f18d21, EFLAGS=0x0000000000010202, ERR=0x0000000000000000
  TRAPNO=0x0000000000000006

Top of Stack: (sp=0x00007fff5ab591a0)
0x00007fff5ab591a0:   0000000000000000 00007fff5ab592e0
0x00007fff5ab591b0:   00007fff5ab59220 00007fffa3e70bbb
0x00007fff5ab591c0:   00007fff00000000 00000000a3e707ce
0x00007fff5ab591d0:   00007fff5ab592c4 0700010198600c90
0x00007fff5ab591e0:   00007fff5ab592d8 00007fa298600b40
0x00007fff5ab591f0:   00007fa298600b30 00007fa298600c80
0x00007fff5ab59200:   00007fa298600c90 00007fa29989e068
0x00007fff5ab59210:   00007fff5ab59220 00007fffa3eaedf9
0x00007fff5ab59220:   00007fff5ab59f10 00007fffa3e7037d
0x00007fff5ab59230:   00007fffa46477f9 0000000114bc2e30
0x00007fff5ab59240:   00007fffbe74ebd0 00007fa2987253f0
0x00007fff5ab59250:   0000000000000000 00007fa298725400
0x00007fff5ab59260:   0000000006789a00 41bdab7b75b25dc0
0x00007fff5ab59270:   000000015ab59520 00007fffa263c9f2
0x00007fff5ab59280:   0000000114bc2c60 00007fa298600b40
0x00007fff5ab59290:   00007fa298600c90 0080000000000e03
0x00007fff5ab592a0:   00007fa298600b30 422d286c88149e00
0x00007fff5ab592b0:   00000c0300000020 0000000000000000
0x00007fff5ab592c0:   00000e03c1c3a000 00007fff5ab592e0
0x00007fff5ab592d0:   0000000000000000 ffffffffffffffff
0x00007fff5ab592e0:   0000001800001100 00000e0300000000
0x00007fff5ab592f0:   0000004e00000000 0000004400000000
0x00007fff5ab59300:   000001f500000000 000001f500000014
0x00007fff5ab59310:   00000014000001f5 00000014000001f5
0x00007fff5ab59320:   000186a700000fd4 0000000000000fd3
0x00007fff5ab59330:   0000000000000000 000001f500000000
0x00007fff5ab59340:   00000014000001f5 00000014000001f5
0x00007fff5ab59350:   000186a700000154 0000000000000155
0x00007fff5ab59360:   0000000000000000 00007fff00000000
0x00007fff5ab59370:   00007fa298600c80 0000000000000004
0x00007fff5ab59380:   00007fff5ab59410 00007fffa3df6cf7
0x00007fff5ab59390:   0000000000000100 0000000000000000 

Instructions: (pc=0x00007fffb8f18d21)
0x00007fffb8f18d01:   48 89 0d 38 cb cf 08 0f 0b 89 c0 48 8d 0d 1d b8
0x00007fffb8f18d11:   01 00 48 89 0d 26 cb cf 08 48 89 05 4f cb cf 08
0x00007fffb8f18d21:   0f 0b 48 8d 0d 35 b7 01 00 48 89 0d 0f cb cf 08
0x00007fffb8f18d31:   48 89 05 38 cb cf 08 0f 0b 48 8d 0d d2 b4 01 00 

Register to memory mapping:

RAX=0x000000000000060b is an unknown value
RBX=0x00007fa298600b40 is an unknown value
RCX=0x00007fffb8f34530: _voucher_activity_id_allocate_slow+0x21ca in /usr/lib/system/libdispatch.dylib at 0x00007fffb8f09000
RDX=0x000000000000060b is an unknown value
RSP=0x00007fff5ab591a0 is pointing into the stack for thread: 0x00007fa2998a1000
RBP=0x00007fff5ab59210 is pointing into the stack for thread: 0x00007fa2998a1000
RSI=0x0000000000000006 is an unknown value
RDI=0x0000000000000001 is an unknown value
R8 =0x0000000000000040 is an unknown value
R9 =0x00007fa298600b58 is an unknown value
R10=0xffffffffffffffff is an unknown value
R11=0x0000000000012068 is an unknown value
R12=0x00007fa298600b30 is an unknown value
R13=0x00007fa298600c80 is an unknown value
R14=0x00007fffc1c13a80: _dispatch_main_q+0 in /usr/lib/system/libdispatch.dylib at 0x00007fffb8f09000
R15=0x00007fa29989e068 is an unknown value


Stack: [0x00007fff5a35c000,0x00007fff5ab5c000],  sp=0x00007fff5ab591a0,  free space=8180k
Native frames: (J=compiled Java code, j=interpreted, Vv=VM code, C=native code)
C  [libdispatch.dylib+0xfd21]  _dispatch_main_queue_callback_4CF+0x50b
C  [CoreFoundation+0xc3df9]  __CFRUNLOOP_IS_SERVICING_THE_MAIN_DISPATCH_QUEUE__+0x9
C  [CoreFoundation+0x8537d]  __CFRunLoopRun+0x8ad
C  [CoreFoundation+0x84874]  CFRunLoopRunSpecific+0x1a4
C  [HIToolbox+0x30f6c]  RunCurrentEventLoopInMode+0xf0
C  [HIToolbox+0x30da1]  ReceiveNextEventCommon+0x1b0
C  [HIToolbox+0x30bd6]  _BlockUntilNextEventMatchingListInModeWithFilter+0x47
C  [AppKit+0x475f5]  _DPSNextEvent+0x445
C  [AppKit+0x7578eb]  -[NSApplication(NSEvent) _nextEventMatchingEventMask:untilDate:inMode:dequeue:]+0x665
C  [libosxapp.dylib+0x242a]  -[NSApplicationAWT nextEventMatchingMask:untilDate:inMode:dequeue:]+0x7c
C  [AppKit+0x3bfbd]  -[NSApplication run]+0x39e
C  [libosxapp.dylib+0x223e]  +[NSApplicationAWT runAWTLoopWithApp:]+0x9c
C  [libawt_lwawt.dylib+0x4494f]  -[AWTStarter starter:]+0x389
C  [Foundation+0x71f2a]  __NSThreadPerformPerform+0x146
C  [CoreFoundation+0xa4581]  __CFRUNLOOP_IS_CALLING_OUT_TO_A_SOURCE0_PERFORM_FUNCTION__+0x11
C  [CoreFoundation+0x8598c]  __CFRunLoopDoSources0+0x22c
C  [CoreFoundation+0x84e76]  __CFRunLoopRun+0x3a6
C  [CoreFoundation+0x84874]  CFRunLoopRunSpecific+0x1a4
C  [CoreFoundation+0xc3dc1]  CFRunLoopRun+0x61
C  [exe_projectRobotran+0x258e9]  init_jni+0x1b9
C  [exe_projectRobotran+0x1e1ed]  init_realtime_java+0x81d
C  [exe_projectRobotran+0x1d429]  init_simu_realtime+0x69
C  [exe_projectRobotran+0x1c86d]  mbs_realtime_init+0x21d
C  [exe_projectRobotran+0xecc9]  mbs_dirdyn_init+0x1e9
C  [exe_projectRobotran+0xeac2]  mbs_run_dirdyn+0x12
C  [exe_projectRobotran+0x3df5]  main+0x2b5
C  [libdyld.dylib+0x5255]  start+0x1
C  0x0000000000000001


---------------  P R O C E S S  ---------------

Java Threads: ( => current thread )
  0x00007fa299891800 JavaThread "AWT-Shutdown" [_thread_blocked, id=28447, stack(0x00007000020e0000,0x00007000021e0000)]
=>0x00007fa2998a1000 JavaThread "AWT-AppKit" daemon [_thread_in_native, id=515, stack(0x00007fff5a35c000,0x00007fff5ab5c000)]
  0x00007fa29a004800 JavaThread "Service Thread" daemon [_thread_blocked, id=16899, stack(0x0000700001eda000,0x0000700001fda000)]
  0x00007fa299834000 JavaThread "C1 CompilerThread2" daemon [_thread_blocked, id=16387, stack(0x0000700001dd7000,0x0000700001ed7000)]
  0x00007fa299833000 JavaThread "C2 CompilerThread1" daemon [_thread_blocked, id=15875, stack(0x0000700001cd4000,0x0000700001dd4000)]
  0x00007fa29980f000 JavaThread "C2 CompilerThread0" daemon [_thread_blocked, id=15363, stack(0x0000700001bd1000,0x0000700001cd1000)]
  0x00007fa29883c800 JavaThread "Signal Dispatcher" daemon [_thread_blocked, id=14851, stack(0x0000700001ace000,0x0000700001bce000)]
  0x00007fa29980c000 JavaThread "Finalizer" daemon [_thread_blocked, id=11011, stack(0x00007000019cb000,0x0000700001acb000)]
  0x00007fa29980b000 JavaThread "Reference Handler" daemon [_thread_blocked, id=10499, stack(0x00007000018c8000,0x00007000019c8000)]
  0x00007fa299802800 JavaThread "main" [_thread_in_vm, id=2307, stack(0x00007000011ad000,0x000070000122d000)]

Other Threads:
  0x00007fa298860000 VMThread [stack: 0x00007000017c5000,0x00007000018c5000] [id=9987]
  0x00007fa29886d800 WatcherThread [stack: 0x0000700001fdd000,0x00007000020dd000] [id=17411]

VM state:not at safepoint (normal execution)

VM Mutex/Monitor currently owned by a thread: None

Heap:
 PSYoungGen      total 38400K, used 3344K [0x0000000795580000, 0x0000000798000000, 0x00000007c0000000)
  eden space 33280K, 10% used [0x0000000795580000,0x00000007958c4238,0x0000000797600000)
  from space 5120K, 0% used [0x0000000797b00000,0x0000000797b00000,0x0000000798000000)
  to   space 5120K, 0% used [0x0000000797600000,0x0000000797600000,0x0000000797b00000)
 ParOldGen       total 87552K, used 0K [0x0000000740000000, 0x0000000745580000, 0x0000000795580000)
  object space 87552K, 0% used [0x0000000740000000,0x0000000740000000,0x0000000745580000)
 Metaspace       used 3667K, capacity 4572K, committed 4864K, reserved 1056768K
  class space    used 414K, capacity 460K, committed 512K, reserved 1048576K

Card table byte_map: [0x0000000107bc0000,0x0000000107fc1000] byte_map_base: 0x00000001041c0000

Marking Bits: (ParMarkBitMap*) 0x000000010600b390
 Begin Bits: [0x000000010826c000, 0x000000010a26c000)
 End Bits:   [0x000000010a26c000, 0x000000010c26c000)

Polling page: 0x00000001055c7000

CodeCache: size=245760Kb used=1208Kb max_used=1216Kb free=244551Kb
 bounds [0x0000000114c04000, 0x0000000114e74000, 0x0000000123c04000]
 total_blobs=322 nmethods=78 adapters=159
 compilation: enabled

Compilation events (10 events):
Event: 0.576 Thread 0x00007fa299834000   72  s    1       java.util.Vector::size (5 bytes)
Event: 0.576 Thread 0x00007fa299834000 nmethod 72 0x0000000114d30450 code [0x0000000114d305a0, 0x0000000114d30810]
Event: 0.576 Thread 0x00007fa299834000   74       1       java.net.URL::getFile (5 bytes)
Event: 0.577 Thread 0x00007fa299834000 nmethod 74 0x0000000114d30890 code [0x0000000114d309e0, 0x0000000114d30af0]
Event: 0.577 Thread 0x00007fa299834000   76       3       java.lang.String::startsWith (7 bytes)
Event: 0.577 Thread 0x00007fa299834000 nmethod 76 0x0000000114d30b50 code [0x0000000114d30cc0, 0x0000000114d30ec8]
Event: 0.579 Thread 0x00007fa299833000 nmethod 75 0x0000000114d33cd0 code [0x0000000114d33e20, 0x0000000114d33fc8]
Event: 0.579 Thread 0x00007fa29980f000 nmethod 73 0x0000000114d340d0 code [0x0000000114d34220, 0x0000000114d34398]
Event: 0.581 Thread 0x00007fa299834000   77       3       java.util.Arrays::copyOf (19 bytes)
Event: 0.581 Thread 0x00007fa299834000 nmethod 77 0x0000000114d33710 code [0x0000000114d338a0, 0x0000000114d33bc8]

GC Heap History (0 events):
No events

Deoptimization events (0 events):
No events

Internal exceptions (10 events):
Event: 0.534 Thread 0x00007fa299802800 Exception <a 'java/security/PrivilegedActionException'> (0x00000007957a0cc0) thrown at [/HUDSON3/workspace/8-2-build-macosx-x86_64/jdk8u25/1514/hotspot/src/share/vm/prims/jvm.cpp, line 1312]
Event: 0.534 Thread 0x00007fa299802800 Exception <a 'java/security/PrivilegedActionException'> (0x00000007957a0e78) thrown at [/HUDSON3/workspace/8-2-build-macosx-x86_64/jdk8u25/1514/hotspot/src/share/vm/prims/jvm.cpp, line 1312]
Event: 0.536 Thread 0x00007fa299802800 Exception <a 'java/util/zip/ZipException'> (0x00000007957b2ad0) thrown at [/HUDSON3/workspace/8-2-build-macosx-x86_64/jdk8u25/1514/hotspot/src/share/vm/prims/jni.cpp, line 716]
Event: 0.536 Thread 0x00007fa299802800 Exception <a 'java/security/PrivilegedActionException'> (0x00000007957b2c80) thrown at [/HUDSON3/workspace/8-2-build-macosx-x86_64/jdk8u25/1514/hotspot/src/share/vm/prims/jvm.cpp, line 1312]
Event: 0.536 Thread 0x00007fa299802800 Exception <a 'java/security/PrivilegedActionException'> (0x00000007957b2e38) thrown at [/HUDSON3/workspace/8-2-build-macosx-x86_64/jdk8u25/1514/hotspot/src/share/vm/prims/jvm.cpp, line 1312]
Event: 0.536 Thread 0x00007fa299802800 Exception <a 'java/security/PrivilegedActionException'> (0x00000007957b31a8) thrown at [/HUDSON3/workspace/8-2-build-macosx-x86_64/jdk8u25/1514/hotspot/src/share/vm/prims/jvm.cpp, line 1312]
Event: 0.576 Thread 0x00007fa299802800 Exception <a 'java/security/PrivilegedActionException'> (0x00000007957f5398) thrown at [/HUDSON3/workspace/8-2-build-macosx-x86_64/jdk8u25/1514/hotspot/src/share/vm/prims/jvm.cpp, line 1312]
Event: 0.576 Thread 0x00007fa299802800 Exception <a 'java/security/PrivilegedActionException'> (0x00000007957f5550) thrown at [/HUDSON3/workspace/8-2-build-macosx-x86_64/jdk8u25/1514/hotspot/src/share/vm/prims/jvm.cpp, line 1312]
Event: 0.576 Thread 0x00007fa299802800 Exception <a 'java/security/PrivilegedActionException'> (0x00000007957f8740) thrown at [/HUDSON3/workspace/8-2-build-macosx-x86_64/jdk8u25/1514/hotspot/src/share/vm/prims/jvm.cpp, line 1312]
Event: 0.576 Thread 0x00007fa299802800 Exception <a 'java/security/PrivilegedActionException'> (0x00000007957f88f8) thrown at [/HUDSON3/workspace/8-2-build-macosx-x86_64/jdk8u25/1514/hotspot/src/share/vm/prims/jvm.cpp, line 1312]

Events (10 events):
Event: 0.765 loading class com/apple/eawt/OpenFilesHandler done
Event: 0.765 loading class com/apple/eawt/PrintFilesHandler
Event: 0.765 loading class com/apple/eawt/PrintFilesHandler done
Event: 0.766 loading class com/apple/eawt/QuitHandler
Event: 0.766 loading class com/apple/eawt/QuitHandler done
Event: 0.766 loading class com/apple/eawt/_AppEventLegacyHandler done
Event: 0.766 loading class com/apple/eawt/QuitStrategy
Event: 0.766 loading class com/apple/eawt/QuitStrategy done
Event: 0.766 loading class com/apple/eawt/_AppEventHandler$_NativeEvent
Event: 0.766 loading class com/apple/eawt/_AppEventHandler$_NativeEvent done


Dynamic libraries:
0x0000000105139000 	/usr/local/lib/libxml2.2.dylib
0x00000001052d9000 	/usr/local/lib/libgsl.19.dylib
0x00000001055c8000 	/usr/local/lib/libgslcblas.0.dylib
0x0000000105618000 	/usr/local/lib/libSDL2-2.0.0.dylib
0x000000002eb12000 	/System/Library/Frameworks/Cocoa.framework/Versions/A/Cocoa
0x0000000105760000 	/usr/local/lib/libSDL2_ttf-2.0.0.dylib
0x000000010576e000 	/Library/Java/JavaVirtualMachines/jdk1.8.0_25.jdk/Contents/Home/jre/lib/server/libjvm.dylib
0x000000002eb12000 	/System/Library/Frameworks/CoreFoundation.framework/Versions/A/CoreFoundation
0x000000002eb12000 	/usr/lib/libSystem.B.dylib
0x000000002eb12000 	/usr/lib/libc++.1.dylib
0x000000002eb12000 	/usr/lib/libz.1.dylib
0x000000002eb12000 	/usr/lib/libiconv.2.dylib
0x000000002eb12000 	/usr/lib/system/libcache.dylib
0x000000002eb12000 	/usr/lib/system/libcommonCrypto.dylib
0x000000002eb12000 	/usr/lib/system/libcompiler_rt.dylib
0x000000002eb12000 	/usr/lib/system/libcopyfile.dylib
0x000000002eb12000 	/usr/lib/system/libcorecrypto.dylib
0x000000002eb12000 	/usr/lib/system/libdispatch.dylib
0x000000002eb12000 	/usr/lib/system/libdyld.dylib
0x000000002eb12000 	/usr/lib/system/libkeymgr.dylib
0x000000002eb12000 	/usr/lib/system/liblaunch.dylib
0x000000002eb12000 	/usr/lib/system/libmacho.dylib
0x000000002eb12000 	/usr/lib/system/libquarantine.dylib
0x000000002eb12000 	/usr/lib/system/libremovefile.dylib
0x000000002eb12000 	/usr/lib/system/libsystem_asl.dylib
0x000000002eb12000 	/usr/lib/system/libsystem_blocks.dylib
0x000000002eb12000 	/usr/lib/system/libsystem_c.dylib
0x000000002eb12000 	/usr/lib/system/libsystem_configuration.dylib
0x000000002eb12000 	/usr/lib/system/libsystem_coreservices.dylib
0x000000002eb12000 	/usr/lib/system/libsystem_coretls.dylib
0x000000002eb12000 	/usr/lib/system/libsystem_dnssd.dylib
0x000000002eb12000 	/usr/lib/system/libsystem_info.dylib
0x000000002eb12000 	/usr/lib/system/libsystem_kernel.dylib
0x000000002eb12000 	/usr/lib/system/libsystem_m.dylib
0x000000002eb12000 	/usr/lib/system/libsystem_malloc.dylib
0x000000002eb12000 	/usr/lib/system/libsystem_network.dylib
0x000000002eb12000 	/usr/lib/system/libsystem_networkextension.dylib
0x000000002eb12000 	/usr/lib/system/libsystem_notify.dylib
0x000000002eb12000 	/usr/lib/system/libsystem_platform.dylib
0x000000002eb12000 	/usr/lib/system/libsystem_pthread.dylib
0x000000002eb12000 	/usr/lib/system/libsystem_sandbox.dylib
0x000000002eb12000 	/usr/lib/system/libsystem_secinit.dylib
0x000000002eb12000 	/usr/lib/system/libsystem_symptoms.dylib
0x000000002eb12000 	/usr/lib/system/libsystem_trace.dylib
0x000000002eb12000 	/usr/lib/system/libunwind.dylib
0x000000002eb12000 	/usr/lib/system/libxpc.dylib
0x000000002eb12000 	/usr/lib/libobjc.A.dylib
0x000000002eb12000 	/usr/lib/libauto.dylib
0x000000002eb12000 	/usr/lib/libc++abi.dylib
0x000000010668e000 	/System/Library/Frameworks/ForceFeedback.framework/Versions/A/ForceFeedback
0x000000002eb12000 	/System/Library/Frameworks/CoreVideo.framework/Versions/A/CoreVideo
0x000000002eb12000 	/System/Library/Frameworks/Carbon.framework/Versions/A/Carbon
0x000000002eb12000 	/System/Library/Frameworks/IOKit.framework/Versions/A/IOKit
0x000000002eb12000 	/System/Library/Frameworks/CoreAudio.framework/Versions/A/CoreAudio
0x000000002eb12000 	/System/Library/Frameworks/AudioToolbox.framework/Versions/A/AudioToolbox
0x000000002eb12000 	/System/Library/Frameworks/AudioUnit.framework/Versions/A/AudioUnit
0x000000002eb12000 	/System/Library/Frameworks/AppKit.framework/Versions/C/AppKit
0x000000002eb12000 	/System/Library/Frameworks/CoreGraphics.framework/Versions/A/CoreGraphics
0x000000002eb12000 	/System/Library/Frameworks/CoreServices.framework/Versions/A/CoreServices
0x000000002eb12000 	/System/Library/Frameworks/Foundation.framework/Versions/C/Foundation
0x000000002eb12000 	/usr/lib/libDiagnosticMessagesClient.dylib
0x000000002eb12000 	/usr/lib/libicucore.A.dylib
0x000000002eb12000 	/usr/lib/libenergytrace.dylib
0x000000002eb12000 	/usr/lib/libbsm.0.dylib
0x000000002eb12000 	/usr/lib/system/libkxld.dylib
0x000000002eb12000 	/System/Library/Frameworks/ApplicationServices.framework/Versions/A/ApplicationServices
0x000000002eb12000 	/System/Library/Frameworks/Metal.framework/Versions/A/Metal
0x000000002eb12000 	/System/Library/Frameworks/OpenGL.framework/Versions/A/OpenGL
0x000000002eb12000 	/System/Library/Frameworks/IOSurface.framework/Versions/A/IOSurface
0x000000002eb12000 	/System/Library/Frameworks/CoreText.framework/Versions/A/CoreText
0x000000002eb12000 	/System/Library/Frameworks/ImageIO.framework/Versions/A/ImageIO
0x000000002eb12000 	/System/Library/Frameworks/ApplicationServices.framework/Versions/A/Frameworks/ATS.framework/Versions/A/ATS
0x000000002eb12000 	/System/Library/Frameworks/ApplicationServices.framework/Versions/A/Frameworks/ColorSync.framework/Versions/A/ColorSync
0x000000002eb12000 	/System/Library/Frameworks/ApplicationServices.framework/Versions/A/Frameworks/HIServices.framework/Versions/A/HIServices
0x000000002eb12000 	/System/Library/Frameworks/ApplicationServices.framework/Versions/A/Frameworks/LangAnalysis.framework/Versions/A/LangAnalysis
0x000000002eb12000 	/System/Library/Frameworks/ApplicationServices.framework/Versions/A/Frameworks/PrintCore.framework/Versions/A/PrintCore
0x000000002eb12000 	/System/Library/Frameworks/ApplicationServices.framework/Versions/A/Frameworks/QD.framework/Versions/A/QD
0x000000002eb12000 	/System/Library/Frameworks/ApplicationServices.framework/Versions/A/Frameworks/SpeechSynthesis.framework/Versions/A/SpeechSynthesis
0x000000002eb12000 	/System/Library/Frameworks/CFNetwork.framework/Versions/A/CFNetwork
0x000000002eb12000 	/System/Library/Frameworks/Accelerate.framework/Versions/A/Accelerate
0x000000002eb12000 	/System/Library/Frameworks/SystemConfiguration.framework/Versions/A/SystemConfiguration
0x000000002eb12000 	/System/Library/Frameworks/Security.framework/Versions/A/Security
0x000000002eb12000 	/usr/lib/libsqlite3.dylib
0x000000002eb12000 	/usr/lib/libxml2.2.dylib
0x000000002eb12000 	/usr/lib/libnetwork.dylib
0x000000002eb12000 	/usr/lib/libpcap.A.dylib
0x000000002eb12000 	/usr/lib/libcoretls.dylib
0x000000002eb12000 	/usr/lib/libcoretls_cfhelpers.dylib
0x000000002eb12000 	/usr/lib/libxar.1.dylib
0x000000002eb12000 	/usr/lib/libpam.2.dylib
0x000000002eb12000 	/usr/lib/libOpenScriptingUtil.dylib
0x000000002eb12000 	/usr/lib/libbz2.1.0.dylib
0x000000002eb12000 	/usr/lib/liblzma.5.dylib
0x000000002eb12000 	/System/Library/Frameworks/Accelerate.framework/Versions/A/Frameworks/vImage.framework/Versions/A/vImage
0x000000002eb12000 	/System/Library/Frameworks/Accelerate.framework/Versions/A/Frameworks/vecLib.framework/Versions/A/vecLib
0x000000002eb12000 	/System/Library/Frameworks/Accelerate.framework/Versions/A/Frameworks/vecLib.framework/Versions/A/libvDSP.dylib
0x000000002eb12000 	/System/Library/Frameworks/Accelerate.framework/Versions/A/Frameworks/vecLib.framework/Versions/A/libBNNS.dylib
0x000000002eb12000 	/System/Library/Frameworks/Accelerate.framework/Versions/A/Frameworks/vecLib.framework/Versions/A/libQuadrature.dylib
0x000000002eb12000 	/System/Library/Frameworks/Accelerate.framework/Versions/A/Frameworks/vecLib.framework/Versions/A/libvMisc.dylib
0x000000002eb12000 	/System/Library/Frameworks/Accelerate.framework/Versions/A/Frameworks/vecLib.framework/Versions/A/libLAPACK.dylib
0x000000002eb12000 	/System/Library/Frameworks/Accelerate.framework/Versions/A/Frameworks/vecLib.framework/Versions/A/libBLAS.dylib
0x000000002eb12000 	/System/Library/Frameworks/Accelerate.framework/Versions/A/Frameworks/vecLib.framework/Versions/A/libLinearAlgebra.dylib
0x000000002eb12000 	/System/Library/Frameworks/Accelerate.framework/Versions/A/Frameworks/vecLib.framework/Versions/A/libSparseBLAS.dylib
0x000000002eb12000 	/System/Library/Frameworks/CoreServices.framework/Versions/A/Frameworks/FSEvents.framework/Versions/A/FSEvents
0x000000002eb12000 	/System/Library/Frameworks/CoreServices.framework/Versions/A/Frameworks/CarbonCore.framework/Versions/A/CarbonCore
0x000000002eb12000 	/System/Library/Frameworks/CoreServices.framework/Versions/A/Frameworks/Metadata.framework/Versions/A/Metadata
0x000000002eb12000 	/System/Library/Frameworks/CoreServices.framework/Versions/A/Frameworks/OSServices.framework/Versions/A/OSServices
0x000000002eb12000 	/System/Library/Frameworks/CoreServices.framework/Versions/A/Frameworks/SearchKit.framework/Versions/A/SearchKit
0x000000002eb12000 	/System/Library/Frameworks/CoreServices.framework/Versions/A/Frameworks/AE.framework/Versions/A/AE
0x000000002eb12000 	/System/Library/Frameworks/CoreServices.framework/Versions/A/Frameworks/LaunchServices.framework/Versions/A/LaunchServices
0x000000002eb12000 	/System/Library/Frameworks/CoreServices.framework/Versions/A/Frameworks/DictionaryServices.framework/Versions/A/DictionaryServices
0x000000002eb12000 	/System/Library/Frameworks/CoreServices.framework/Versions/A/Frameworks/SharedFileList.framework/Versions/A/SharedFileList
0x000000002eb12000 	/System/Library/Frameworks/DiskArbitration.framework/Versions/A/DiskArbitration
0x000000002eb12000 	/System/Library/Frameworks/NetFS.framework/Versions/A/NetFS
0x000000002eb12000 	/System/Library/PrivateFrameworks/NetAuth.framework/Versions/A/NetAuth
0x000000002eb12000 	/System/Library/PrivateFrameworks/login.framework/Versions/A/Frameworks/loginsupport.framework/Versions/A/loginsupport
0x000000002eb12000 	/usr/lib/libarchive.2.dylib
0x000000002eb12000 	/usr/lib/liblangid.dylib
0x000000002eb12000 	/usr/lib/libCRFSuite.dylib
0x000000002eb12000 	/System/Library/PrivateFrameworks/TCC.framework/Versions/A/TCC
0x000000002eb12000 	/usr/lib/libmecabra.dylib
0x000000002eb12000 	/System/Library/PrivateFrameworks/LanguageModeling.framework/Versions/A/LanguageModeling
0x000000002eb12000 	/usr/lib/libmarisa.dylib
0x000000002eb12000 	/usr/lib/libChineseTokenizer.dylib
0x000000002eb12000 	/usr/lib/libcmph.dylib
0x000000002eb12000 	/System/Library/Frameworks/CoreData.framework/Versions/A/CoreData
0x000000002eb12000 	/System/Library/PrivateFrameworks/CoreEmoji.framework/Versions/A/CoreEmoji
0x000000002eb12000 	/usr/lib/libcompression.dylib
0x000000002eb12000 	/System/Library/Frameworks/OpenDirectory.framework/Versions/A/Frameworks/CFOpenDirectory.framework/Versions/A/CFOpenDirectory
0x000000002eb12000 	/System/Library/Frameworks/ServiceManagement.framework/Versions/A/ServiceManagement
0x000000002eb12000 	/usr/lib/libxslt.1.dylib
0x000000002eb12000 	/System/Library/Frameworks/ApplicationServices.framework/Versions/A/Frameworks/ATS.framework/Versions/A/Resources/libFontParser.dylib
0x000000002eb12000 	/System/Library/Frameworks/ApplicationServices.framework/Versions/A/Frameworks/ATS.framework/Versions/A/Resources/libFontRegistry.dylib
0x000000002eb12000 	/System/Library/Frameworks/ImageIO.framework/Versions/A/Resources/libJPEG.dylib
0x000000002eb12000 	/System/Library/Frameworks/ImageIO.framework/Versions/A/Resources/libTIFF.dylib
0x000000002eb12000 	/System/Library/Frameworks/ImageIO.framework/Versions/A/Resources/libPng.dylib
0x000000002eb12000 	/System/Library/Frameworks/ImageIO.framework/Versions/A/Resources/libGIF.dylib
0x000000002eb12000 	/System/Library/Frameworks/ImageIO.framework/Versions/A/Resources/libJP2.dylib
0x000000002eb12000 	/System/Library/Frameworks/ImageIO.framework/Versions/A/Resources/libRadiance.dylib
0x000000002eb12000 	/System/Library/PrivateFrameworks/AppleJPEG.framework/Versions/A/AppleJPEG
0x000000002eb12000 	/System/Library/PrivateFrameworks/MultitouchSupport.framework/Versions/A/MultitouchSupport
0x000000002eb12000 	/usr/lib/libcups.2.dylib
0x000000002eb12000 	/System/Library/Frameworks/Kerberos.framework/Versions/A/Kerberos
0x000000002eb12000 	/System/Library/Frameworks/GSS.framework/Versions/A/GSS
0x000000002eb12000 	/usr/lib/libresolv.9.dylib
0x000000002eb12000 	/System/Library/PrivateFrameworks/Heimdal.framework/Versions/A/Heimdal
0x000000002eb12000 	/usr/lib/libheimdal-asn1.dylib
0x000000002eb12000 	/System/Library/Frameworks/OpenDirectory.framework/Versions/A/OpenDirectory
0x000000002eb12000 	/System/Library/PrivateFrameworks/CommonAuth.framework/Versions/A/CommonAuth
0x000000002eb12000 	/System/Library/Frameworks/SecurityFoundation.framework/Versions/A/SecurityFoundation
0x000000002eb12000 	/System/Library/PrivateFrameworks/GPUCompiler.framework/libmetal_timestamp.dylib
0x000000002eb12000 	/System/Library/Frameworks/OpenGL.framework/Versions/A/Libraries/libCoreFSCache.dylib
0x000000002eb12000 	/System/Library/PrivateFrameworks/IOAccelerator.framework/Versions/A/IOAccelerator
0x000000002eb12000 	/System/Library/Frameworks/OpenGL.framework/Versions/A/Libraries/libGLU.dylib
0x000000002eb12000 	/System/Library/Frameworks/OpenGL.framework/Versions/A/Libraries/libGFXShared.dylib
0x000000002eb12000 	/System/Library/Frameworks/OpenGL.framework/Versions/A/Libraries/libGL.dylib
0x000000002eb12000 	/System/Library/Frameworks/OpenGL.framework/Versions/A/Libraries/libGLImage.dylib
0x000000002eb12000 	/System/Library/Frameworks/OpenGL.framework/Versions/A/Libraries/libCVMSPluginSupport.dylib
0x000000002eb12000 	/System/Library/Frameworks/OpenGL.framework/Versions/A/Libraries/libCoreVMClient.dylib
0x000000002eb12000 	/System/Library/PrivateFrameworks/RemoteViewServices.framework/Versions/A/RemoteViewServices
0x000000002eb12000 	/System/Library/PrivateFrameworks/UIFoundation.framework/Versions/A/UIFoundation
0x000000002eb12000 	/System/Library/PrivateFrameworks/SkyLight.framework/Versions/A/SkyLight
0x000000002eb12000 	/usr/lib/libScreenReader.dylib
0x000000002eb12000 	/System/Library/PrivateFrameworks/DataDetectorsCore.framework/Versions/A/DataDetectorsCore
0x000000002eb12000 	/System/Library/PrivateFrameworks/DesktopServicesPriv.framework/Versions/A/DesktopServicesPriv
0x000000002eb12000 	/System/Library/Frameworks/Carbon.framework/Versions/A/Frameworks/HIToolbox.framework/Versions/A/HIToolbox
0x000000002eb12000 	/System/Library/Frameworks/QuartzCore.framework/Versions/A/QuartzCore
0x000000002eb12000 	/System/Library/Frameworks/Carbon.framework/Versions/A/Frameworks/SpeechRecognition.framework/Versions/A/SpeechRecognition
0x000000002eb12000 	/System/Library/PrivateFrameworks/CoreUI.framework/Versions/A/CoreUI
0x000000002eb12000 	/System/Library/PrivateFrameworks/PerformanceAnalysis.framework/Versions/A/PerformanceAnalysis
0x000000002eb12000 	/System/Library/PrivateFrameworks/GenerationalStorage.framework/Versions/A/GenerationalStorage
0x000000002eb12000 	/System/Library/Frameworks/CoreImage.framework/Versions/A/CoreImage
0x000000002eb12000 	/System/Library/PrivateFrameworks/Backup.framework/Versions/A/Backup
0x000000002eb12000 	/System/Library/Frameworks/Carbon.framework/Versions/A/Frameworks/Ink.framework/Versions/A/Ink
0x000000002eb12000 	/System/Library/PrivateFrameworks/TextureIO.framework/Versions/A/TextureIO
0x000000002eb12000 	/usr/lib/libate.dylib
0x000000002eb12000 	/usr/lib/libFosl_dynamic.dylib
0x000000002eb12000 	/System/Library/PrivateFrameworks/MetalPerformanceShaders.framework/Versions/A/MetalPerformanceShaders
0x000000002eb12000 	/System/Library/PrivateFrameworks/FaceCore.framework/Versions/A/FaceCore
0x000000002eb12000 	/System/Library/Frameworks/OpenCL.framework/Versions/A/OpenCL
0x000000002eb12000 	/System/Library/PrivateFrameworks/CrashReporterSupport.framework/Versions/A/CrashReporterSupport
0x000000002eb12000 	/System/Library/PrivateFrameworks/Sharing.framework/Versions/A/Sharing
0x000000002eb12000 	/System/Library/PrivateFrameworks/IconServices.framework/Versions/A/IconServices
0x000000002eb12000 	/System/Library/PrivateFrameworks/ProtocolBuffer.framework/Versions/A/ProtocolBuffer
0x000000002eb12000 	/System/Library/PrivateFrameworks/Apple80211.framework/Versions/A/Apple80211
0x000000002eb12000 	/System/Library/Frameworks/CoreWLAN.framework/Versions/A/CoreWLAN
0x000000002eb12000 	/System/Library/PrivateFrameworks/CoreUtils.framework/Versions/A/CoreUtils
0x000000002eb12000 	/System/Library/Frameworks/IOBluetooth.framework/Versions/A/IOBluetooth
0x000000002eb12000 	/System/Library/PrivateFrameworks/CoreWiFi.framework/Versions/A/CoreWiFi
0x000000002eb12000 	/System/Library/Frameworks/CoreBluetooth.framework/Versions/A/CoreBluetooth
0x000000002eb12000 	/System/Library/Frameworks/CoreDisplay.framework/Versions/A/CoreDisplay
0x000000002eb12000 	/System/Library/PrivateFrameworks/IOPresentment.framework/Versions/A/IOPresentment
0x000000002eb12000 	/System/Library/PrivateFrameworks/DebugSymbols.framework/Versions/A/DebugSymbols
0x000000002eb12000 	/System/Library/PrivateFrameworks/CoreSymbolication.framework/Versions/A/CoreSymbolication
0x000000002eb12000 	/System/Library/PrivateFrameworks/Symbolication.framework/Versions/A/Symbolication
0x000000002eb12000 	/System/Library/PrivateFrameworks/AppleFSCompression.framework/Versions/A/AppleFSCompression
0x000000002eb12000 	/System/Library/PrivateFrameworks/SpeechRecognitionCore.framework/Versions/A/SpeechRecognitionCore
0x000000002eb12000 	/System/Library/PrivateFrameworks/ChunkingLibrary.framework/Versions/A/ChunkingLibrary
0x000000002eb12000 	/System/Library/Frameworks/Carbon.framework/Versions/A/Frameworks/CommonPanels.framework/Versions/A/CommonPanels
0x000000002eb12000 	/System/Library/Frameworks/Carbon.framework/Versions/A/Frameworks/Help.framework/Versions/A/Help
0x000000002eb12000 	/System/Library/Frameworks/Carbon.framework/Versions/A/Frameworks/ImageCapture.framework/Versions/A/ImageCapture
0x000000002eb12000 	/System/Library/Frameworks/Carbon.framework/Versions/A/Frameworks/OpenScripting.framework/Versions/A/OpenScripting
0x000000002eb12000 	/System/Library/Frameworks/Carbon.framework/Versions/A/Frameworks/Print.framework/Versions/A/Print
0x000000002eb12000 	/System/Library/Frameworks/Carbon.framework/Versions/A/Frameworks/SecurityHI.framework/Versions/A/SecurityHI
0x000000010669a000 	/usr/local/lib/libfreetype.6.dylib
0x000000010675c000 	/usr/local/opt/libpng/lib/libpng16.16.dylib
0x000000002eb12000 	/usr/lib/libstdc++.6.dylib
0x0000000106f8c000 	/Library/Java/JavaVirtualMachines/jdk1.8.0_25.jdk/Contents/Home/jre/lib/libverify.dylib
0x0000000106f9a000 	/Library/Java/JavaVirtualMachines/jdk1.8.0_25.jdk/Contents/Home/jre/lib/libjava.dylib
0x0000000106fd6000 	/Library/Java/JavaVirtualMachines/jdk1.8.0_25.jdk/Contents/Home/jre/lib/libzip.dylib
0x000000010e13f000 	/System/Library/Frameworks/JavaVM.framework/Frameworks/JavaRuntimeSupport.framework/JavaRuntimeSupport
0x000000010e159000 	/System/Library/Frameworks/JavaVM.framework/Versions/A/Frameworks/JavaNativeFoundation.framework/Versions/A/JavaNativeFoundation
0x000000010e16e000 	/System/Library/Frameworks/JavaVM.framework/Versions/A/JavaVM
0x000000010e17b000 	/System/Library/PrivateFrameworks/JavaLaunching.framework/Versions/A/JavaLaunching
0x000000010fabb000 	/Library/Java/JavaVirtualMachines/jdk1.8.0_25.jdk/Contents/Home/jre/lib/libawt.dylib
0x000000010fb6a000 	/Library/Java/JavaVirtualMachines/jdk1.8.0_25.jdk/Contents/Home/jre/lib/./libmlib_image.dylib
0x000000010fc36000 	/Library/Java/JavaVirtualMachines/jdk1.8.0_25.jdk/Contents/Home/jre/lib/libawt_lwawt.dylib
0x000000010fce9000 	/Library/Java/JavaVirtualMachines/jdk1.8.0_25.jdk/Contents/Home/jre/lib/./libosxapp.dylib
0x000000002eb12000 	/System/Library/Frameworks/ExceptionHandling.framework/Versions/A/ExceptionHandling
0x000000002eb12000 	/System/Library/PrivateFrameworks/CoreServicesInternal.framework/Versions/A/CoreServicesInternal
0x000000002eb12000 	/System/Library/CoreServices/RawCamera.bundle/Contents/MacOS/RawCamera
0x000000002eb12000 	/System/Library/Frameworks/Accelerate.framework/Versions/A/Frameworks/vImage.framework/Versions/A/Libraries/libCGInterfaces.dylib
0x000000002eb12000 	/System/Library/Frameworks/ApplicationServices.framework/Versions/A/Frameworks/ATS.framework/Versions/A/Resources/libTrueTypeScaler.dylib
0x000000002eb12000 	/System/Library/Frameworks/OpenGL.framework/Versions/A/Resources/GLEngine.bundle/GLEngine
0x000000002eb12000 	/System/Library/Frameworks/OpenGL.framework/Versions/A/Libraries/libGLProgrammability.dylib
0x0000000111ba8000 	/System/Library/Extensions/AppleIntelHD3000GraphicsGLDriver.bundle/Contents/MacOS/AppleIntelHD3000GraphicsGLDriver
0x000000002eb12000 	/System/Library/PrivateFrameworks/GPUSupport.framework/Versions/A/Libraries/libGPUSupport.dylib
0x000000002eb12000 	/System/Library/Frameworks/OpenGL.framework/Versions/A/Resources/GLRendererFloat.bundle/GLRendererFloat
0x000000002eb12000 	/System/Library/Frameworks/OpenCL.framework/Versions/A/Libraries/libcldcpuengine.dylib
0x000000002eb12000 	/usr/lib/libcrypto.0.9.8.dylib
0x000000002eb12000 	/System/Library/PrivateFrameworks/TrustEvaluationAgent.framework/Versions/A/TrustEvaluationAgent

VM Arguments:
jvm_args: -Djava.library.path=/Users/quentinfrancois/Documents/MBProjects/m454_project/mbsysCopy/mbsyspad_mac_os/lib 
java_command: <unknown>
java_class_path (initial): /Users/quentinfrancois/Documents/MBProjects/m454_project/mbsysCopy/mbs_common/mbs_realtime/../../mbsyspad_mac_os/MBsysPad.jar
Launcher Type: generic

Environment Variables:
PATH=/opt/local/bin:/opt/local/sbin:/opt/local/bin:/opt/local/sbin:/Library/Frameworks/Python.framework/Versions/2.7/bin:/Library/Frameworks/Python.framework/Versions/3.4/bin:/usr/local/bin:/usr/bin:/bin:/usr/sbin:/sbin:/Library/TeX/texbin
SHELL=/bin/bash

Signal Handlers:
SIGSEGV: [libjvm.dylib+0x579dc7], sa_mask[0]=11111111011111110111111111111111, sa_flags=SA_ONSTACK|SA_RESTART|SA_SIGINFO
SIGBUS: [libjvm.dylib+0x579dc7], sa_mask[0]=11111111011111110111111111111111, sa_flags=SA_RESTART|SA_SIGINFO
SIGFPE: [libjvm.dylib+0x45b030], sa_mask[0]=11111111011111110111111111111111, sa_flags=SA_RESTART|SA_SIGINFO
SIGPIPE: [libjvm.dylib+0x45b030], sa_mask[0]=11111111011111110111111111111111, sa_flags=SA_RESTART|SA_SIGINFO
SIGXFSZ: [libjvm.dylib+0x45b030], sa_mask[0]=11111111011111110111111111111111, sa_flags=SA_RESTART|SA_SIGINFO
SIGILL: [libjvm.dylib+0x45b030], sa_mask[0]=11111111011111110111111111111111, sa_flags=SA_RESTART|SA_SIGINFO
SIGUSR1: SIG_DFL, sa_mask[0]=11011111011111100000000111000110, sa_flags=none
SIGUSR2: [libjvm.dylib+0x45ab4e], sa_mask[0]=00000000000000000000000000000000, sa_flags=SA_RESTART|SA_SIGINFO
SIGHUP: [libjvm.dylib+0x459121], sa_mask[0]=11111111011111110111111111111111, sa_flags=SA_RESTART|SA_SIGINFO
SIGINT: [libjvm.dylib+0x459121], sa_mask[0]=11111111011111110111111111111111, sa_flags=SA_RESTART|SA_SIGINFO
SIGTERM: [libjvm.dylib+0x459121], sa_mask[0]=11111111011111110111111111111111, sa_flags=SA_RESTART|SA_SIGINFO
SIGQUIT: [libjvm.dylib+0x459121], sa_mask[0]=11111111011111110111111111111111, sa_flags=SA_RESTART|SA_SIGINFO


---------------  S Y S T E M  ---------------

OS:Bsduname:Darwin 16.0.0 Darwin Kernel Version 16.0.0: Mon Aug 29 17:56:20 PDT 2016; root:xnu-3789.1.32~3/RELEASE_X86_64 x86_64
rlimit: STACK 8192k, CORE 0k, NPROC 709, NOFILE 10240, AS infinity
load average:5.21 3.02 2.33

CPU:total 4 (2 cores per cpu, 2 threads per core) family 6 model 42 stepping 7, cmov, cx8, fxsr, mmx, sse, sse2, sse3, ssse3, sse4.1, sse4.2, popcnt, avx, aes, clmul, ht, tsc, tscinvbit

Memory: 4k page, physical 8388608k(2434100k free)

/proc/meminfo:


vm_info: Java HotSpot(TM) 64-Bit Server VM (25.25-b02) for bsd-amd64 JRE (1.8.0_25-b17), built on Sep 17 2014 16:56:50 by "java_re" with gcc 4.2.1 (Based on Apple Inc. build 5658) (LLVM build 2336.11.00)

time: Mon Oct 10 09:32:05 2016
elapsed time: 0 seconds (0d 0h 0m 0s)

